eduniger/build/intermediates/manifest_merge_blame_file/debug/processDebugMainManifest/manifest-merger-blame-debug-report.txt
1<?xml version="1.0" encoding="utf-8"?>
2<manifest xmlns:android="http://schemas.android.com/apk/res/android"
3    package="com.ninotech.eduniger"
4    android:versionCode="13"
5    android:versionName="3.1.3" >
6
7    <uses-sdk
8        android:minSdkVersion="28"
9        android:targetSdkVersion="35" />
10    <!-- ==================== Permissions Réseau ==================== -->
11    <uses-feature
11-->src/main/AndroidManifest.xml:5:5-7:36
12        android:name="android.hardware.telephony"
12-->src/main/AndroidManifest.xml:6:9-50
13        android:required="false" />
13-->src/main/AndroidManifest.xml:7:9-33
14
15    <uses-permission android:name="android.permission.INTERNET" />
15-->src/main/AndroidManifest.xml:9:5-67
15-->src/main/AndroidManifest.xml:9:22-64
16    <uses-permission android:name="android.permission.ACCESS_NETWORK_STATE" />
16-->src/main/AndroidManifest.xml:10:5-79
16-->src/main/AndroidManifest.xml:10:22-76
17    <uses-permission android:name="android.permission.ACCESS_WIFI_STATE" /> <!-- ==================== Permissions Services ==================== -->
17-->src/main/AndroidManifest.xml:11:5-76
17-->src/main/AndroidManifest.xml:11:22-73
18    <uses-permission android:name="android.permission.FOREGROUND_SERVICE" />
18-->src/main/AndroidManifest.xml:12:5-77
18-->src/main/AndroidManifest.xml:12:22-74
19    <uses-permission android:name="android.permission.FOREGROUND_SERVICE_DATA_SYNC" />
19-->src/main/AndroidManifest.xml:13:5-87
19-->src/main/AndroidManifest.xml:13:22-84
20    <uses-permission android:name="android.permission.FOREGROUND_SERVICE_MEDIA_PLAYBACK" /> <!-- ==================== Permissions Système ==================== -->
20-->src/main/AndroidManifest.xml:14:5-92
20-->src/main/AndroidManifest.xml:14:22-89
21    <uses-permission android:name="android.permission.VIBRATE" />
21-->src/main/AndroidManifest.xml:15:5-66
21-->src/main/AndroidManifest.xml:15:22-63
22    <uses-permission android:name="android.permission.POST_NOTIFICATIONS" /> <!-- ==================== Permissions Téléphone ==================== -->
22-->src/main/AndroidManifest.xml:16:5-77
22-->src/main/AndroidManifest.xml:16:22-74
23    <uses-permission android:name="android.permission.CALL_PHONE" /> <!-- ==================== Permissions Biométrie ==================== -->
23-->src/main/AndroidManifest.xml:17:5-69
23-->src/main/AndroidManifest.xml:17:22-66
24    <uses-permission android:name="android.permission.USE_BIOMETRIC" />
24-->src/main/AndroidManifest.xml:18:5-72
24-->src/main/AndroidManifest.xml:18:22-69
25    <uses-permission
25-->src/main/AndroidManifest.xml:19:5-22:51
26        android:name="android.permission.USE_FINGERPRINT"
26-->src/main/AndroidManifest.xml:20:9-58
27        android:maxSdkVersion="27" /> <!-- ==================== Permissions Stockage ==================== -->
27-->src/main/AndroidManifest.xml:21:9-35
28    <!-- Pour Android 10 et inférieur -->
29    <uses-permission
29-->src/main/AndroidManifest.xml:24:5-27:40
30        android:name="android.permission.WRITE_EXTERNAL_STORAGE"
30-->src/main/AndroidManifest.xml:25:9-65
31        android:maxSdkVersion="29" />
31-->src/main/AndroidManifest.xml:26:9-35
32    <uses-permission android:name="android.permission.WAKE_LOCK" /> <!-- Required by older versions of Google Play services to create IID tokens -->
32-->[com.google.firebase:firebase-messaging:23.1.2] AndroidManifest.xml:26:5-68
32-->[com.google.firebase:firebase-messaging:23.1.2] AndroidManifest.xml:26:22-65
33    <uses-permission android:name="com.google.android.c2dm.permission.RECEIVE" />
33-->[com.google.firebase:firebase-messaging:23.1.2] AndroidManifest.xml:28:5-82
33-->[com.google.firebase:firebase-messaging:23.1.2] AndroidManifest.xml:28:22-79
34    <uses-permission android:name="android.permission.RECEIVE_BOOT_COMPLETED" />
34-->[androidx.work:work-runtime:2.8.1] AndroidManifest.xml:25:5-81
34-->[androidx.work:work-runtime:2.8.1] AndroidManifest.xml:25:22-78
35
36    <permission
36-->[androidx.core:core:1.13.0] AndroidManifest.xml:22:5-24:47
37        android:name="com.ninotech.eduniger.DYNAMIC_RECEIVER_NOT_EXPORTED_PERMISSION"
37-->[androidx.core:core:1.13.0] AndroidManifest.xml:23:9-81
38        android:protectionLevel="signature" />
38-->[androidx.core:core:1.13.0] AndroidManifest.xml:24:9-44
39
40    <uses-permission android:name="com.ninotech.eduniger.DYNAMIC_RECEIVER_NOT_EXPORTED_PERMISSION" />
40-->[androidx.core:core:1.13.0] AndroidManifest.xml:26:5-97
40-->[androidx.core:core:1.13.0] AndroidManifest.xml:26:22-94
41
42    <application
42-->src/main/AndroidManifest.xml:29:5-271:19
43        android:allowBackup="true"
43-->src/main/AndroidManifest.xml:30:9-35
44        android:appComponentFactory="androidx.core.app.CoreComponentFactory"
44-->[androidx.core:core:1.13.0] AndroidManifest.xml:28:18-86
45        android:dataExtractionRules="@xml/data_extraction_rules"
45-->src/main/AndroidManifest.xml:31:9-65
46        android:debuggable="true"
47        android:enableOnBackInvokedCallback="true"
47-->src/main/AndroidManifest.xml:32:9-51
48        android:extractNativeLibs="false"
49        android:fullBackupContent="@xml/backup_rules"
49-->src/main/AndroidManifest.xml:33:9-54
50        android:icon="@mipmap/ic_v2"
50-->src/main/AndroidManifest.xml:34:9-37
51        android:label="@string/app_name"
51-->src/main/AndroidManifest.xml:35:9-41
52        android:logo="@mipmap/ic_v2"
52-->src/main/AndroidManifest.xml:36:9-37
53        android:supportsRtl="true"
53-->src/main/AndroidManifest.xml:37:9-35
54        android:testOnly="true"
55        android:theme="@style/AppTheme"
55-->src/main/AndroidManifest.xml:38:9-40
56        android:usesCleartextTraffic="true" >
56-->src/main/AndroidManifest.xml:39:9-44
57        <activity
57-->src/main/AndroidManifest.xml:41:9-43:40
58            android:name="com.ninotech.eduniger.controleur.activity.PdfBoxViewerActivity"
58-->src/main/AndroidManifest.xml:42:13-69
59            android:exported="false" />
59-->src/main/AndroidManifest.xml:43:13-37
60        <!-- ==================== Activité Principale ==================== -->
61        <activity
61-->src/main/AndroidManifest.xml:45:9-58:20
62            android:name="com.ninotech.eduniger.controleur.activity.MainActivity"
62-->src/main/AndroidManifest.xml:46:13-61
63            android:exported="true"
63-->src/main/AndroidManifest.xml:47:13-36
64            android:icon="@mipmap/ic_v2"
64-->src/main/AndroidManifest.xml:48:13-41
65            android:label="@string/app_name"
65-->src/main/AndroidManifest.xml:49:13-45
66            android:launchMode="singleTop"
66-->src/main/AndroidManifest.xml:50:13-43
67            android:logo="@mipmap/ic_v2"
67-->src/main/AndroidManifest.xml:51:13-41
68            android:screenOrientation="portrait" >
68-->src/main/AndroidManifest.xml:52:13-49
69            <intent-filter>
69-->src/main/AndroidManifest.xml:53:13-57:29
70                <action android:name="android.intent.action.MAIN" />
70-->src/main/AndroidManifest.xml:54:17-69
70-->src/main/AndroidManifest.xml:54:25-66
71
72                <category android:name="android.intent.category.LAUNCHER" />
72-->src/main/AndroidManifest.xml:56:17-77
72-->src/main/AndroidManifest.xml:56:27-74
73            </intent-filter>
74        </activity> <!-- ==================== Activités d'Authentification ==================== -->
75        <activity
75-->src/main/AndroidManifest.xml:59:9-63:58
76            android:name="com.ninotech.eduniger.controleur.activity.LoginActivity"
76-->src/main/AndroidManifest.xml:60:13-62
77            android:exported="false"
77-->src/main/AndroidManifest.xml:61:13-37
78            android:screenOrientation="portrait"
78-->src/main/AndroidManifest.xml:62:13-49
79            android:windowSoftInputMode="adjustResize" />
79-->src/main/AndroidManifest.xml:63:13-55
80        <activity
80-->src/main/AndroidManifest.xml:64:9-68:58
81            android:name="com.ninotech.eduniger.controleur.activity.RegisterActivity"
81-->src/main/AndroidManifest.xml:65:13-65
82            android:exported="false"
82-->src/main/AndroidManifest.xml:66:13-37
83            android:screenOrientation="portrait"
83-->src/main/AndroidManifest.xml:67:13-49
84            android:windowSoftInputMode="adjustResize" />
84-->src/main/AndroidManifest.xml:68:13-55
85        <activity
85-->src/main/AndroidManifest.xml:69:9-73:58
86            android:name="com.ninotech.eduniger.controleur.activity.PreRegistrationActivity"
86-->src/main/AndroidManifest.xml:70:13-72
87            android:exported="false"
87-->src/main/AndroidManifest.xml:71:13-37
88            android:screenOrientation="portrait"
88-->src/main/AndroidManifest.xml:72:13-49
89            android:windowSoftInputMode="adjustResize" /> <!-- ==================== Activités de Sécurité ==================== -->
89-->src/main/AndroidManifest.xml:73:13-55
90        <activity
90-->src/main/AndroidManifest.xml:74:9-78:52
91            android:name="com.ninotech.eduniger.controleur.activity.LockActivity"
91-->src/main/AndroidManifest.xml:75:13-61
92            android:excludeFromRecents="true"
92-->src/main/AndroidManifest.xml:76:13-46
93            android:exported="false"
93-->src/main/AndroidManifest.xml:77:13-37
94            android:screenOrientation="portrait" />
94-->src/main/AndroidManifest.xml:78:13-49
95        <activity
95-->src/main/AndroidManifest.xml:79:9-84:52
96            android:name="com.ninotech.eduniger.controleur.activity.FingerPrintActivity"
96-->src/main/AndroidManifest.xml:80:13-68
97            android:exported="false"
97-->src/main/AndroidManifest.xml:81:13-37
98            android:label="Verrouillage de l&apos;application"
98-->src/main/AndroidManifest.xml:82:13-63
99            android:parentActivityName="com.ninotech.eduniger.controleur.activity.SettingV2Activity"
99-->src/main/AndroidManifest.xml:83:13-80
100            android:screenOrientation="portrait" /> <!-- ==================== Activités de Paramètres ==================== -->
100-->src/main/AndroidManifest.xml:84:13-49
101        <activity
101-->src/main/AndroidManifest.xml:85:9-90:52
102            android:name="com.ninotech.eduniger.controleur.activity.SettingV2Activity"
102-->src/main/AndroidManifest.xml:86:13-66
103            android:exported="false"
103-->src/main/AndroidManifest.xml:87:13-37
104            android:label="Paramètres"
104-->src/main/AndroidManifest.xml:88:13-39
105            android:parentActivityName="com.ninotech.eduniger.controleur.activity.MainActivity"
105-->src/main/AndroidManifest.xml:89:13-75
106            android:screenOrientation="portrait" />
106-->src/main/AndroidManifest.xml:90:13-49
107        <activity
107-->src/main/AndroidManifest.xml:91:9-96:52
108            android:name="com.ninotech.eduniger.controleur.activity.AccountActivity"
108-->src/main/AndroidManifest.xml:92:13-64
109            android:exported="false"
109-->src/main/AndroidManifest.xml:93:13-37
110            android:label="@string/account"
110-->src/main/AndroidManifest.xml:94:13-44
111            android:parentActivityName="com.ninotech.eduniger.controleur.activity.SettingV2Activity"
111-->src/main/AndroidManifest.xml:95:13-80
112            android:screenOrientation="portrait" />
112-->src/main/AndroidManifest.xml:96:13-49
113        <activity
113-->src/main/AndroidManifest.xml:97:9-103:58
114            android:name="com.ninotech.eduniger.controleur.activity.ChangePasswordActivity"
114-->src/main/AndroidManifest.xml:98:13-71
115            android:exported="false"
115-->src/main/AndroidManifest.xml:99:13-37
116            android:label="@string/change_password"
116-->src/main/AndroidManifest.xml:100:13-52
117            android:parentActivityName="com.ninotech.eduniger.controleur.activity.AccountActivity"
117-->src/main/AndroidManifest.xml:101:13-78
118            android:screenOrientation="portrait"
118-->src/main/AndroidManifest.xml:102:13-49
119            android:windowSoftInputMode="adjustResize" />
119-->src/main/AndroidManifest.xml:103:13-55
120        <activity
120-->src/main/AndroidManifest.xml:104:9-110:58
121            android:name="com.ninotech.eduniger.controleur.activity.ChangeEmailActivity"
121-->src/main/AndroidManifest.xml:105:13-68
122            android:exported="false"
122-->src/main/AndroidManifest.xml:106:13-37
123            android:label="@string/change_email"
123-->src/main/AndroidManifest.xml:107:13-49
124            android:parentActivityName="com.ninotech.eduniger.controleur.activity.AccountActivity"
124-->src/main/AndroidManifest.xml:108:13-78
125            android:screenOrientation="portrait"
125-->src/main/AndroidManifest.xml:109:13-49
126            android:windowSoftInputMode="adjustResize" />
126-->src/main/AndroidManifest.xml:110:13-55
127        <activity
127-->src/main/AndroidManifest.xml:111:9-116:52
128            android:name="com.ninotech.eduniger.controleur.activity.ThemeActivity"
128-->src/main/AndroidManifest.xml:112:13-62
129            android:exported="false"
129-->src/main/AndroidManifest.xml:113:13-37
130            android:label="Théme appliquée"
130-->src/main/AndroidManifest.xml:114:13-44
131            android:parentActivityName="com.ninotech.eduniger.controleur.activity.SettingV2Activity"
131-->src/main/AndroidManifest.xml:115:13-80
132            android:screenOrientation="portrait" />
132-->src/main/AndroidManifest.xml:116:13-49
133        <activity
133-->src/main/AndroidManifest.xml:117:9-122:52
134            android:name="com.ninotech.eduniger.controleur.activity.ServerActivity"
134-->src/main/AndroidManifest.xml:118:13-63
135            android:exported="false"
135-->src/main/AndroidManifest.xml:119:13-37
136            android:label="Serveur connecté"
136-->src/main/AndroidManifest.xml:120:13-45
137            android:parentActivityName="com.ninotech.eduniger.controleur.activity.SettingV2Activity"
137-->src/main/AndroidManifest.xml:121:13-80
138            android:screenOrientation="portrait" />
138-->src/main/AndroidManifest.xml:122:13-49
139        <activity
139-->src/main/AndroidManifest.xml:123:9-128:52
140            android:name="com.ninotech.eduniger.controleur.activity.ContactActivity"
140-->src/main/AndroidManifest.xml:124:13-64
141            android:exported="false"
141-->src/main/AndroidManifest.xml:125:13-37
142            android:label="@string/contact_us"
142-->src/main/AndroidManifest.xml:126:13-47
143            android:parentActivityName="com.ninotech.eduniger.controleur.activity.SettingV2Activity"
143-->src/main/AndroidManifest.xml:127:13-80
144            android:screenOrientation="portrait" /> <!-- ==================== Activités de Contenu ==================== -->
144-->src/main/AndroidManifest.xml:128:13-49
145        <activity
145-->src/main/AndroidManifest.xml:129:9-133:52
146            android:name="com.ninotech.eduniger.controleur.activity.BookActivity"
146-->src/main/AndroidManifest.xml:130:13-61
147            android:configChanges="orientation|screenSize"
147-->src/main/AndroidManifest.xml:131:13-59
148            android:exported="false"
148-->src/main/AndroidManifest.xml:132:13-37
149            android:screenOrientation="portrait" />
149-->src/main/AndroidManifest.xml:133:13-49
150        <activity
150-->src/main/AndroidManifest.xml:134:9-138:52
151            android:name="com.ninotech.eduniger.controleur.activity.CategoryActivity"
151-->src/main/AndroidManifest.xml:135:13-65
152            android:exported="false"
152-->src/main/AndroidManifest.xml:136:13-37
153            android:parentActivityName="com.ninotech.eduniger.controleur.activity.MainActivity"
153-->src/main/AndroidManifest.xml:137:13-75
154            android:screenOrientation="portrait" />
154-->src/main/AndroidManifest.xml:138:13-49
155        <activity
155-->src/main/AndroidManifest.xml:139:9-144:58
156            android:name="com.ninotech.eduniger.controleur.activity.SearchActivity"
156-->src/main/AndroidManifest.xml:140:13-63
157            android:exported="false"
157-->src/main/AndroidManifest.xml:141:13-37
158            android:launchMode="singleTop"
158-->src/main/AndroidManifest.xml:142:13-43
159            android:screenOrientation="portrait"
159-->src/main/AndroidManifest.xml:143:13-49
160            android:windowSoftInputMode="adjustResize" />
160-->src/main/AndroidManifest.xml:144:13-55
161        <activity
161-->src/main/AndroidManifest.xml:145:9-148:52
162            android:name="com.ninotech.eduniger.controleur.activity.StructureActivity"
162-->src/main/AndroidManifest.xml:146:13-66
163            android:exported="false"
163-->src/main/AndroidManifest.xml:147:13-37
164            android:screenOrientation="portrait" />
164-->src/main/AndroidManifest.xml:148:13-49
165        <activity
165-->src/main/AndroidManifest.xml:149:9-152:52
166            android:name="com.ninotech.eduniger.controleur.activity.AuthorActivity"
166-->src/main/AndroidManifest.xml:150:13-63
167            android:exported="false"
167-->src/main/AndroidManifest.xml:151:13-37
168            android:screenOrientation="portrait" />
168-->src/main/AndroidManifest.xml:152:13-49
169        <activity
169-->src/main/AndroidManifest.xml:153:9-156:52
170            android:name="com.ninotech.eduniger.controleur.activity.ContainerActivity"
170-->src/main/AndroidManifest.xml:154:13-66
171            android:exported="false"
171-->src/main/AndroidManifest.xml:155:13-37
172            android:screenOrientation="portrait" /> <!-- ==================== Activités de Gestion de Livres ==================== -->
172-->src/main/AndroidManifest.xml:156:13-49
173        <activity
173-->src/main/AndroidManifest.xml:157:9-161:58
174            android:name="com.ninotech.eduniger.controleur.activity.RegisterAuthorActivity"
174-->src/main/AndroidManifest.xml:158:13-71
175            android:exported="false"
175-->src/main/AndroidManifest.xml:159:13-37
176            android:screenOrientation="portrait"
176-->src/main/AndroidManifest.xml:160:13-49
177            android:windowSoftInputMode="adjustResize" />
177-->src/main/AndroidManifest.xml:161:13-55
178        <activity
178-->src/main/AndroidManifest.xml:162:9-166:58
179            android:name="com.ninotech.eduniger.controleur.activity.AddBookActivity"
179-->src/main/AndroidManifest.xml:163:13-64
180            android:exported="false"
180-->src/main/AndroidManifest.xml:164:13-37
181            android:screenOrientation="portrait"
181-->src/main/AndroidManifest.xml:165:13-49
182            android:windowSoftInputMode="adjustResize" /> <!-- ==================== Activités Multimédia ==================== -->
182-->src/main/AndroidManifest.xml:166:13-55
183        <activity
183-->src/main/AndroidManifest.xml:167:9-172:52
184            android:name="com.ninotech.eduniger.controleur.activity.AudioPlayerActivity"
184-->src/main/AndroidManifest.xml:168:13-68
185            android:configChanges="orientation|screenSize"
185-->src/main/AndroidManifest.xml:169:13-59
186            android:exported="false"
186-->src/main/AndroidManifest.xml:170:13-37
187            android:launchMode="singleTask"
187-->src/main/AndroidManifest.xml:171:13-44
188            android:screenOrientation="portrait" />
188-->src/main/AndroidManifest.xml:172:13-49
189        <activity
189-->src/main/AndroidManifest.xml:173:9-176:52
190            android:name="com.ninotech.eduniger.controleur.activity.ListPlayerActivity"
190-->src/main/AndroidManifest.xml:174:13-67
191            android:exported="false"
191-->src/main/AndroidManifest.xml:175:13-37
192            android:screenOrientation="portrait" /> <!-- ==================== Activités PDF ==================== -->
192-->src/main/AndroidManifest.xml:176:13-49
193        <activity
193-->src/main/AndroidManifest.xml:177:9-182:52
194            android:name="com.ninotech.eduniger.controleur.activity.NotificationActivity"
194-->src/main/AndroidManifest.xml:178:13-69
195            android:exported="false"
195-->src/main/AndroidManifest.xml:179:13-37
196            android:label="Notifications"
196-->src/main/AndroidManifest.xml:180:13-42
197            android:parentActivityName="com.ninotech.eduniger.controleur.activity.MainActivity"
197-->src/main/AndroidManifest.xml:181:13-75
198            android:screenOrientation="portrait" />
198-->src/main/AndroidManifest.xml:182:13-49
199        <activity
199-->src/main/AndroidManifest.xml:183:9-189:58
200            android:name="com.ninotech.eduniger.controleur.activity.SuggestionActivity"
200-->src/main/AndroidManifest.xml:184:13-67
201            android:exported="false"
201-->src/main/AndroidManifest.xml:185:13-37
202            android:label="Suggestion"
202-->src/main/AndroidManifest.xml:186:13-39
203            android:parentActivityName="com.ninotech.eduniger.controleur.activity.MainActivity"
203-->src/main/AndroidManifest.xml:187:13-75
204            android:screenOrientation="portrait"
204-->src/main/AndroidManifest.xml:188:13-49
205            android:windowSoftInputMode="adjustResize" /> <!-- ==================== Activités Informatives ==================== -->
205-->src/main/AndroidManifest.xml:189:13-55
206        <activity
206-->src/main/AndroidManifest.xml:190:9-205:20
207            android:name="com.ninotech.eduniger.controleur.activity.InfosActivity"
207-->src/main/AndroidManifest.xml:191:13-62
208            android:exported="true"
208-->src/main/AndroidManifest.xml:192:13-36
209            android:screenOrientation="portrait" >
209-->src/main/AndroidManifest.xml:193:13-49
210            <intent-filter android:autoVerify="true" >
210-->src/main/AndroidManifest.xml:194:13-204:29
210-->src/main/AndroidManifest.xml:194:28-53
211                <action android:name="android.intent.action.VIEW" />
211-->src/main/AndroidManifest.xml:195:17-69
211-->src/main/AndroidManifest.xml:195:25-66
212
213                <category android:name="android.intent.category.DEFAULT" />
213-->src/main/AndroidManifest.xml:197:17-76
213-->src/main/AndroidManifest.xml:197:27-73
214                <category android:name="android.intent.category.BROWSABLE" />
214-->src/main/AndroidManifest.xml:198:17-78
214-->src/main/AndroidManifest.xml:198:27-75
215
216                <data
216-->src/main/AndroidManifest.xml:200:17-203:46
217                    android:host="eduniger.com"
217-->src/main/AndroidManifest.xml:201:21-48
218                    android:path="/open"
218-->src/main/AndroidManifest.xml:202:21-41
219                    android:scheme="https" />
219-->src/main/AndroidManifest.xml:203:21-43
220            </intent-filter>
221        </activity>
222        <activity
222-->src/main/AndroidManifest.xml:206:9-209:52
223            android:name="com.ninotech.eduniger.controleur.activity.LicenceActivity"
223-->src/main/AndroidManifest.xml:207:13-64
224            android:exported="false"
224-->src/main/AndroidManifest.xml:208:13-37
225            android:screenOrientation="portrait" /> <!-- Retirer en production -->
225-->src/main/AndroidManifest.xml:209:13-49
226        <activity
226-->src/main/AndroidManifest.xml:210:9-214:46
227            android:name="com.ninotech.eduniger.controleur.activity.TmpActivity"
227-->src/main/AndroidManifest.xml:211:13-60
228            android:exported="false" /> <!-- ==================== File Provider ==================== -->
228-->src/main/AndroidManifest.xml:212:13-37
229        <provider
230            android:name="androidx.core.content.FileProvider"
230-->src/main/AndroidManifest.xml:216:13-62
231            android:authorities="com.ninotech.eduniger.provider"
231-->src/main/AndroidManifest.xml:217:13-60
232            android:exported="false"
232-->src/main/AndroidManifest.xml:218:13-37
233            android:grantUriPermissions="true" >
233-->src/main/AndroidManifest.xml:219:13-47
234            <meta-data
234-->src/main/AndroidManifest.xml:220:13-222:54
235                android:name="android.support.FILE_PROVIDER_PATHS"
235-->src/main/AndroidManifest.xml:221:17-67
236                android:resource="@xml/file_paths" />
236-->src/main/AndroidManifest.xml:222:17-51
237        </provider> <!-- ==================== Services Firebase ==================== -->
238        <service
238-->src/main/AndroidManifest.xml:224:9-231:19
239            android:name="com.ninotech.eduniger.model.service.MyFirebaseMessagingService"
239-->src/main/AndroidManifest.xml:225:13-69
240            android:directBootAware="true"
240-->src/main/AndroidManifest.xml:226:13-43
241            android:exported="false" >
241-->src/main/AndroidManifest.xml:227:13-37
242            <intent-filter>
242-->src/main/AndroidManifest.xml:228:13-230:29
243                <action android:name="com.google.firebase.MESSAGING_EVENT" />
243-->src/main/AndroidManifest.xml:229:17-78
243-->src/main/AndroidManifest.xml:229:25-75
244            </intent-filter>
245        </service> <!-- ==================== Services Audio ==================== -->
246        <service
246-->src/main/AndroidManifest.xml:232:9-240:19
247            android:name="com.ninotech.eduniger.model.service.AudioService"
247-->src/main/AndroidManifest.xml:233:13-55
248            android:exported="false"
248-->src/main/AndroidManifest.xml:234:13-37
249            android:foregroundServiceType="mediaPlayback"
249-->src/main/AndroidManifest.xml:235:13-58
250            android:stopWithTask="false" >
250-->src/main/AndroidManifest.xml:236:13-41
251            <intent-filter>
251-->src/main/AndroidManifest.xml:237:13-239:29
252                <action android:name="android.media.browse.MediaBrowserService" />
252-->src/main/AndroidManifest.xml:238:17-83
252-->src/main/AndroidManifest.xml:238:25-80
253            </intent-filter>
254        </service>
255        <service
255-->src/main/AndroidManifest.xml:241:9-244:44
256            android:name="com.ninotech.eduniger.model.service.OnClearFromRecentService"
256-->src/main/AndroidManifest.xml:242:13-67
257            android:exported="false"
257-->src/main/AndroidManifest.xml:243:13-37
258            android:stopWithTask="false" /> <!-- ==================== Services de Téléchargement ==================== -->
258-->src/main/AndroidManifest.xml:244:13-41
259        <service
259-->src/main/AndroidManifest.xml:245:9-249:44
260            android:name="com.ninotech.eduniger.model.service.AudioDownloadService"
260-->src/main/AndroidManifest.xml:246:13-63
261            android:exported="false"
261-->src/main/AndroidManifest.xml:247:13-37
262            android:foregroundServiceType="dataSync"
262-->src/main/AndroidManifest.xml:248:13-53
263            android:stopWithTask="false" />
263-->src/main/AndroidManifest.xml:249:13-41
264        <service
264-->src/main/AndroidManifest.xml:250:9-254:44
265            android:name="com.ninotech.eduniger.model.service.PdfDownloadService"
265-->src/main/AndroidManifest.xml:251:13-61
266            android:exported="false"
266-->src/main/AndroidManifest.xml:252:13-37
267            android:foregroundServiceType="dataSync"
267-->src/main/AndroidManifest.xml:253:13-53
268            android:stopWithTask="false" /> <!-- ==================== Broadcast Receivers ==================== -->
268-->src/main/AndroidManifest.xml:254:13-41
269        <receiver
269-->src/main/AndroidManifest.xml:255:9-266:20
270            android:name="com.ninotech.eduniger.model.service.AudioReceiver"
270-->src/main/AndroidManifest.xml:256:13-56
271            android:enabled="true"
271-->src/main/AndroidManifest.xml:257:13-35
272            android:exported="false" >
272-->src/main/AndroidManifest.xml:258:13-37
273            <intent-filter>
273-->src/main/AndroidManifest.xml:259:13-265:29
274                <action android:name="com.ninotech.eduniger.PLAY" />
274-->src/main/AndroidManifest.xml:260:25-61
275                <action android:name="com.ninotech.eduniger.PAUSE" />
275-->src/main/AndroidManifest.xml:261:25-62
276                <action android:name="com.ninotech.eduniger.STOP" />
276-->src/main/AndroidManifest.xml:262:25-61
277                <action android:name="com.ninotech.eduniger.NEXT" />
277-->src/main/AndroidManifest.xml:263:25-61
278                <action android:name="com.ninotech.eduniger.PREVIOUS" />
278-->src/main/AndroidManifest.xml:264:25-65
279            </intent-filter>
280        </receiver>
281        <receiver
281-->src/main/AndroidManifest.xml:267:9-270:40
282            android:name="com.ninotech.eduniger.model.service.NotificationActionService"
282-->src/main/AndroidManifest.xml:268:13-68
283            android:enabled="true"
283-->src/main/AndroidManifest.xml:269:13-35
284            android:exported="false" />
284-->src/main/AndroidManifest.xml:270:13-37
285
286        <service
286-->[com.google.firebase:firebase-messaging-ktx:23.1.2] AndroidManifest.xml:25:9-31:19
287            android:name="com.google.firebase.components.ComponentDiscoveryService"
287-->[com.google.firebase:firebase-messaging-ktx:23.1.2] AndroidManifest.xml:26:13-84
288            android:directBootAware="true"
288-->[com.google.firebase:firebase-common:20.3.1] AndroidManifest.xml:34:13-43
289            android:exported="false" >
289-->[com.google.firebase:firebase-messaging-ktx:23.1.2] AndroidManifest.xml:27:13-37
290            <meta-data
290-->[com.google.firebase:firebase-messaging-ktx:23.1.2] AndroidManifest.xml:28:13-30:85
291                android:name="com.google.firebase.components:com.google.firebase.messaging.ktx.FirebaseMessagingKtxRegistrar"
291-->[com.google.firebase:firebase-messaging-ktx:23.1.2] AndroidManifest.xml:29:17-126
292                android:value="com.google.firebase.components.ComponentRegistrar" />
292-->[com.google.firebase:firebase-messaging-ktx:23.1.2] AndroidManifest.xml:30:17-82
293            <meta-data
293-->[com.google.firebase:firebase-messaging:23.1.2] AndroidManifest.xml:55:13-57:85
294                android:name="com.google.firebase.components:com.google.firebase.messaging.FirebaseMessagingRegistrar"
294-->[com.google.firebase:firebase-messaging:23.1.2] AndroidManifest.xml:56:17-119